2025-08-22 00:06:50,229 - rag_piece - INFO - setup_logging:61 - Logging initialized - Level: DEBUG, File: logs\rag_piece_20250822_000650.log
2025-08-22 00:06:50,230 - rag_piece - INFO - main:25 - Starting CSV scraper test
2025-08-22 00:06:50,230 - rag_piece.csv_scraper - INFO - scrape_article_to_csv:46 - Scraping article for CSV: Arabasta Kingdom
2025-08-22 00:06:50,231 - rag_piece.csv_scraper - INFO - _find_sub_articles:81 - Finding sub-articles for: Arabasta Kingdom
2025-08-22 00:06:51,978 - rag_piece.csv_scraper - INFO - _find_sub_articles:114 - Found 0 sub-articles
2025-08-22 00:06:52,900 - rag_piece.csv_scraper - INFO - _extract_tables:196 - Found 28 total tables in Arabasta Kingdom
2025-08-22 00:06:52,901 - rag_piece.csv_scraper - DEBUG - _extract_tables:200 - Processing table 1: classes=['portrait-gallery', 'cs', 'ArabastaColors'], id=none
2025-08-22 00:06:52,905 - rag_piece.csv_scraper - DEBUG - _extract_tables:209 -   Table 1 first row cells: ['[v\xa0路\xa0e\xa0路\xa0?]Arabasta Kingdom']
2025-08-22 00:06:52,907 - rag_piece.csv_scraper - DEBUG - _extract_tables:217 - Skipped table 1: not valid
2025-08-22 00:06:52,907 - rag_piece.csv_scraper - DEBUG - _extract_tables:200 - Processing table 2: classes=[], id=none
2025-08-22 00:06:52,908 - rag_piece.csv_scraper - DEBUG - _extract_tables:209 -   Table 2 first row cells: ['']
2025-08-22 00:06:52,908 - rag_piece.csv_scraper - DEBUG - _extract_tables:217 - Skipped table 2: not valid
2025-08-22 00:06:52,908 - rag_piece.csv_scraper - DEBUG - _extract_tables:200 - Processing table 3: classes=[], id=none
2025-08-22 00:06:52,909 - rag_piece.csv_scraper - DEBUG - _extract_tables:209 -   Table 3 first row cells: ['']
2025-08-22 00:06:52,909 - rag_piece.csv_scraper - DEBUG - _extract_tables:217 - Skipped table 3: not valid
2025-08-22 00:06:52,910 - rag_piece.csv_scraper - DEBUG - _extract_tables:200 - Processing table 4: classes=[], id=none
2025-08-22 00:06:52,910 - rag_piece.csv_scraper - DEBUG - _extract_tables:209 -   Table 4 first row cells: ['']
2025-08-22 00:06:52,911 - rag_piece.csv_scraper - DEBUG - _extract_tables:217 - Skipped table 4: not valid
2025-08-22 00:06:52,911 - rag_piece.csv_scraper - DEBUG - _extract_tables:200 - Processing table 5: classes=['navibox', 'toccolours', 'mw-collapsible', 'mw-collapsed'], id=none
2025-08-22 00:06:52,912 - rag_piece.csv_scraper - DEBUG - _extract_tables:209 -   Table 5 first row cells: ['[v\xa0路\xa0e\xa0路\xa0?]Arabasta Kingdom']
2025-08-22 00:06:52,913 - rag_piece.csv_scraper - DEBUG - _extract_tables:217 - Skipped table 5: not valid
2025-08-22 00:06:52,914 - rag_piece.csv_scraper - DEBUG - _extract_tables:200 - Processing table 6: classes=['collapsible'], id=none
2025-08-22 00:06:52,918 - rag_piece.csv_scraper - DEBUG - _is_valid_table:280 - Table skipped due to class: ['collapsible']
2025-08-22 00:06:52,918 - rag_piece.csv_scraper - DEBUG - _extract_tables:217 - Skipped table 6: not valid
2025-08-22 00:06:52,921 - rag_piece.csv_scraper - DEBUG - _extract_tables:200 - Processing table 7: classes=['collapsible'], id=none
2025-08-22 00:06:52,925 - rag_piece.csv_scraper - DEBUG - _extract_tables:217 - Skipped table 7: not valid
2025-08-22 00:06:52,926 - rag_piece.csv_scraper - DEBUG - _extract_tables:200 - Processing table 8: classes=['collapsible'], id=none
2025-08-22 00:06:52,927 - rag_piece.csv_scraper - DEBUG - _extract_tables:217 - Skipped table 8: not valid
2025-08-22 00:06:52,928 - rag_piece.csv_scraper - DEBUG - _extract_tables:200 - Processing table 9: classes=['navibox', 'toccolours', 'mw-collapsible', 'mw-collapsed'], id=none
2025-08-22 00:06:52,929 - rag_piece.csv_scraper - DEBUG - _extract_tables:217 - Skipped table 9: not valid
2025-08-22 00:06:52,929 - rag_piece.csv_scraper - DEBUG - _extract_tables:200 - Processing table 10: classes=['collapsible'], id=none
2025-08-22 00:06:52,933 - rag_piece.csv_scraper - DEBUG - _is_valid_table:280 - Table skipped due to class: ['collapsible']
2025-08-22 00:06:52,934 - rag_piece.csv_scraper - DEBUG - _extract_tables:217 - Skipped table 10: not valid
2025-08-22 00:06:52,935 - rag_piece.csv_scraper - DEBUG - _extract_tables:200 - Processing table 11: classes=['navibox', 'toccolours', 'mw-collapsible', 'mw-collapsed'], id=none
2025-08-22 00:06:52,940 - rag_piece.csv_scraper - DEBUG - _extract_tables:217 - Skipped table 11: not valid
2025-08-22 00:06:52,941 - rag_piece.csv_scraper - DEBUG - _extract_tables:200 - Processing table 12: classes=['collapsible'], id=none
2025-08-22 00:06:52,944 - rag_piece.csv_scraper - DEBUG - _is_valid_table:280 - Table skipped due to class: ['collapsible']
2025-08-22 00:06:52,944 - rag_piece.csv_scraper - DEBUG - _extract_tables:217 - Skipped table 12: not valid
2025-08-22 00:06:52,945 - rag_piece.csv_scraper - DEBUG - _extract_tables:200 - Processing table 13: classes=['navibox', 'toccolours', 'mw-collapsible', 'mw-collapsed'], id=none
2025-08-22 00:06:52,953 - rag_piece.csv_scraper - DEBUG - _extract_tables:217 - Skipped table 13: not valid
2025-08-22 00:06:52,960 - rag_piece.csv_scraper - DEBUG - _extract_tables:200 - Processing table 14: classes=['collapsible'], id=none
2025-08-22 00:06:52,962 - rag_piece.csv_scraper - DEBUG - _is_valid_table:280 - Table skipped due to class: ['collapsible']
2025-08-22 00:06:52,963 - rag_piece.csv_scraper - DEBUG - _extract_tables:217 - Skipped table 14: not valid
2025-08-22 00:06:52,963 - rag_piece.csv_scraper - DEBUG - _extract_tables:200 - Processing table 15: classes=['collapsible'], id=none
2025-08-22 00:06:52,967 - rag_piece.csv_scraper - DEBUG - _extract_tables:217 - Skipped table 15: not valid
2025-08-22 00:06:52,969 - rag_piece.csv_scraper - DEBUG - _extract_tables:200 - Processing table 16: classes=['collapsible'], id=none
2025-08-22 00:06:52,972 - rag_piece.csv_scraper - DEBUG - _extract_tables:217 - Skipped table 16: not valid
2025-08-22 00:06:52,973 - rag_piece.csv_scraper - DEBUG - _extract_tables:200 - Processing table 17: classes=['collapsible'], id=none
2025-08-22 00:06:52,976 - rag_piece.csv_scraper - DEBUG - _extract_tables:217 - Skipped table 17: not valid
2025-08-22 00:06:52,976 - rag_piece.csv_scraper - DEBUG - _extract_tables:200 - Processing table 18: classes=['navibox', 'toccolours', 'mw-collapsible', 'mw-collapsed'], id=none
2025-08-22 00:06:52,979 - rag_piece.csv_scraper - DEBUG - _extract_tables:217 - Skipped table 18: not valid
2025-08-22 00:06:52,979 - rag_piece.csv_scraper - DEBUG - _extract_tables:200 - Processing table 19: classes=['collapsible'], id=none
2025-08-22 00:06:52,980 - rag_piece.csv_scraper - DEBUG - _is_valid_table:280 - Table skipped due to class: ['collapsible']
2025-08-22 00:06:52,980 - rag_piece.csv_scraper - DEBUG - _extract_tables:217 - Skipped table 19: not valid
2025-08-22 00:06:52,985 - rag_piece.csv_scraper - DEBUG - _extract_tables:200 - Processing table 20: classes=['collapsible'], id=none
2025-08-22 00:06:52,991 - rag_piece.csv_scraper - DEBUG - _extract_tables:217 - Skipped table 20: not valid
2025-08-22 00:06:52,992 - rag_piece.csv_scraper - DEBUG - _extract_tables:200 - Processing table 21: classes=['collapsible'], id=none
2025-08-22 00:06:52,994 - rag_piece.csv_scraper - DEBUG - _extract_tables:217 - Skipped table 21: not valid
2025-08-22 00:06:52,994 - rag_piece.csv_scraper - DEBUG - _extract_tables:200 - Processing table 22: classes=['navibox', 'toccolours', 'mw-collapsible', 'mw-collapsed'], id=none
2025-08-22 00:06:52,996 - rag_piece.csv_scraper - DEBUG - _extract_tables:217 - Skipped table 22: not valid
2025-08-22 00:06:52,997 - rag_piece.csv_scraper - DEBUG - _extract_tables:200 - Processing table 23: classes=['collapsible'], id=none
2025-08-22 00:06:52,998 - rag_piece.csv_scraper - DEBUG - _is_valid_table:280 - Table skipped due to class: ['collapsible']
2025-08-22 00:06:53,004 - rag_piece.csv_scraper - DEBUG - _extract_tables:217 - Skipped table 23: not valid
2025-08-22 00:06:53,007 - rag_piece.csv_scraper - DEBUG - _extract_tables:200 - Processing table 24: classes=['collapsible'], id=none
2025-08-22 00:06:53,009 - rag_piece.csv_scraper - DEBUG - _extract_tables:217 - Skipped table 24: not valid
2025-08-22 00:06:53,009 - rag_piece.csv_scraper - DEBUG - _extract_tables:200 - Processing table 25: classes=['collapsible'], id=none
2025-08-22 00:06:53,010 - rag_piece.csv_scraper - DEBUG - _extract_tables:217 - Skipped table 25: not valid
2025-08-22 00:06:53,011 - rag_piece.csv_scraper - DEBUG - _extract_tables:200 - Processing table 26: classes=['navibox', 'toccolours', 'mw-collapsible', 'mw-collapsed'], id=none
2025-08-22 00:06:53,012 - rag_piece.csv_scraper - DEBUG - _extract_tables:217 - Skipped table 26: not valid
2025-08-22 00:06:53,012 - rag_piece.csv_scraper - DEBUG - _extract_tables:200 - Processing table 27: classes=['collapsible'], id=none
2025-08-22 00:06:53,013 - rag_piece.csv_scraper - DEBUG - _is_valid_table:280 - Table skipped due to class: ['collapsible']
2025-08-22 00:06:53,013 - rag_piece.csv_scraper - DEBUG - _extract_tables:217 - Skipped table 27: not valid
2025-08-22 00:06:53,013 - rag_piece.csv_scraper - DEBUG - _extract_tables:200 - Processing table 28: classes=['collapsible'], id=none
2025-08-22 00:06:53,014 - rag_piece.csv_scraper - DEBUG - _extract_tables:217 - Skipped table 28: not valid
2025-08-22 00:06:53,019 - rag_piece.csv_scraper - INFO - scrape_article_to_csv:65 - Completed CSV scraping: Arabasta Kingdom (0 CSV files created)
