2025-08-22 00:04:13,567 - rag_piece - INFO - setup_logging:61 - Logging initialized - Level: DEBUG, File: logs\rag_piece_20250822_000413.log
2025-08-22 00:04:13,568 - rag_piece - INFO - main:25 - Starting CSV scraper test
2025-08-22 00:04:13,570 - rag_piece.csv_scraper - INFO - scrape_article_to_csv:46 - Scraping article for CSV: Arabasta Kingdom
2025-08-22 00:04:13,572 - rag_piece.csv_scraper - INFO - _find_sub_articles:81 - Finding sub-articles for: Arabasta Kingdom
2025-08-22 00:04:15,616 - rag_piece.csv_scraper - INFO - _find_sub_articles:114 - Found 0 sub-articles
2025-08-22 00:04:16,652 - rag_piece.csv_scraper - INFO - _extract_tables:196 - Found 28 total tables in Arabasta Kingdom
2025-08-22 00:04:16,652 - rag_piece.csv_scraper - DEBUG - _extract_tables:200 - Processing table 1: classes=['portrait-gallery', 'cs', 'ArabastaColors'], id=none
2025-08-22 00:04:16,654 - rag_piece.csv_scraper - DEBUG - _extract_tables:208 - Skipped table 1: not valid
2025-08-22 00:04:16,654 - rag_piece.csv_scraper - DEBUG - _extract_tables:200 - Processing table 2: classes=[], id=none
2025-08-22 00:04:16,654 - rag_piece.csv_scraper - DEBUG - _extract_tables:208 - Skipped table 2: not valid
2025-08-22 00:04:16,655 - rag_piece.csv_scraper - DEBUG - _extract_tables:200 - Processing table 3: classes=[], id=none
2025-08-22 00:04:16,655 - rag_piece.csv_scraper - DEBUG - _extract_tables:208 - Skipped table 3: not valid
2025-08-22 00:04:16,655 - rag_piece.csv_scraper - DEBUG - _extract_tables:200 - Processing table 4: classes=[], id=none
2025-08-22 00:04:16,655 - rag_piece.csv_scraper - DEBUG - _extract_tables:208 - Skipped table 4: not valid
2025-08-22 00:04:16,656 - rag_piece.csv_scraper - DEBUG - _extract_tables:200 - Processing table 5: classes=['navibox', 'toccolours', 'mw-collapsible', 'mw-collapsed'], id=none
2025-08-22 00:04:16,660 - rag_piece.csv_scraper - DEBUG - _extract_tables:208 - Skipped table 5: not valid
2025-08-22 00:04:16,662 - rag_piece.csv_scraper - DEBUG - _extract_tables:200 - Processing table 6: classes=['collapsible'], id=none
2025-08-22 00:04:16,669 - rag_piece.csv_scraper - INFO - _extract_tables:206 - Extracted table 6: Site Navigation[] (5 rows, 2 columns)
2025-08-22 00:04:16,670 - rag_piece.csv_scraper - DEBUG - _extract_tables:200 - Processing table 7: classes=['collapsible'], id=none
2025-08-22 00:04:16,670 - rag_piece.csv_scraper - DEBUG - _extract_tables:208 - Skipped table 7: not valid
2025-08-22 00:04:16,671 - rag_piece.csv_scraper - DEBUG - _extract_tables:200 - Processing table 8: classes=['collapsible'], id=none
2025-08-22 00:04:16,673 - rag_piece.csv_scraper - DEBUG - _extract_tables:208 - Skipped table 8: not valid
2025-08-22 00:04:16,678 - rag_piece.csv_scraper - DEBUG - _extract_tables:200 - Processing table 9: classes=['navibox', 'toccolours', 'mw-collapsible', 'mw-collapsed'], id=none
2025-08-22 00:04:16,682 - rag_piece.csv_scraper - DEBUG - _extract_tables:208 - Skipped table 9: not valid
2025-08-22 00:04:16,683 - rag_piece.csv_scraper - DEBUG - _extract_tables:200 - Processing table 10: classes=['collapsible'], id=none
2025-08-22 00:04:16,700 - rag_piece.csv_scraper - INFO - _extract_tables:206 - Extracted table 10: Site Navigation[] (1 rows, 2 columns)
2025-08-22 00:04:16,700 - rag_piece.csv_scraper - DEBUG - _extract_tables:200 - Processing table 11: classes=['navibox', 'toccolours', 'mw-collapsible', 'mw-collapsed'], id=none
2025-08-22 00:04:16,702 - rag_piece.csv_scraper - DEBUG - _extract_tables:208 - Skipped table 11: not valid
2025-08-22 00:04:16,702 - rag_piece.csv_scraper - DEBUG - _extract_tables:200 - Processing table 12: classes=['collapsible'], id=none
2025-08-22 00:04:16,729 - rag_piece.csv_scraper - INFO - _extract_tables:206 - Extracted table 12: Site Navigation[] (2 rows, 2 columns)
2025-08-22 00:04:16,731 - rag_piece.csv_scraper - DEBUG - _extract_tables:200 - Processing table 13: classes=['navibox', 'toccolours', 'mw-collapsible', 'mw-collapsed'], id=none
2025-08-22 00:04:16,734 - rag_piece.csv_scraper - DEBUG - _extract_tables:208 - Skipped table 13: not valid
2025-08-22 00:04:16,735 - rag_piece.csv_scraper - DEBUG - _extract_tables:200 - Processing table 14: classes=['collapsible'], id=none
2025-08-22 00:04:16,761 - rag_piece.csv_scraper - INFO - _extract_tables:206 - Extracted table 14: Site Navigation[] (7 rows, 2 columns)
2025-08-22 00:04:16,762 - rag_piece.csv_scraper - DEBUG - _extract_tables:200 - Processing table 15: classes=['collapsible'], id=none
2025-08-22 00:04:16,765 - rag_piece.csv_scraper - DEBUG - _extract_tables:208 - Skipped table 15: not valid
2025-08-22 00:04:16,766 - rag_piece.csv_scraper - DEBUG - _extract_tables:200 - Processing table 16: classes=['collapsible'], id=none
2025-08-22 00:04:16,767 - rag_piece.csv_scraper - DEBUG - _extract_tables:208 - Skipped table 16: not valid
2025-08-22 00:04:16,767 - rag_piece.csv_scraper - DEBUG - _extract_tables:200 - Processing table 17: classes=['collapsible'], id=none
2025-08-22 00:04:16,768 - rag_piece.csv_scraper - DEBUG - _extract_tables:208 - Skipped table 17: not valid
2025-08-22 00:04:16,769 - rag_piece.csv_scraper - DEBUG - _extract_tables:200 - Processing table 18: classes=['navibox', 'toccolours', 'mw-collapsible', 'mw-collapsed'], id=none
2025-08-22 00:04:16,772 - rag_piece.csv_scraper - DEBUG - _extract_tables:208 - Skipped table 18: not valid
2025-08-22 00:04:16,772 - rag_piece.csv_scraper - DEBUG - _extract_tables:200 - Processing table 19: classes=['collapsible'], id=none
2025-08-22 00:04:16,801 - rag_piece.csv_scraper - INFO - _extract_tables:206 - Extracted table 19: Site Navigation[] (2 rows, 2 columns)
2025-08-22 00:04:16,802 - rag_piece.csv_scraper - DEBUG - _extract_tables:200 - Processing table 20: classes=['collapsible'], id=none
2025-08-22 00:04:16,802 - rag_piece.csv_scraper - DEBUG - _extract_tables:208 - Skipped table 20: not valid
2025-08-22 00:04:16,803 - rag_piece.csv_scraper - DEBUG - _extract_tables:200 - Processing table 21: classes=['collapsible'], id=none
2025-08-22 00:04:16,804 - rag_piece.csv_scraper - DEBUG - _extract_tables:208 - Skipped table 21: not valid
2025-08-22 00:04:16,804 - rag_piece.csv_scraper - DEBUG - _extract_tables:200 - Processing table 22: classes=['navibox', 'toccolours', 'mw-collapsible', 'mw-collapsed'], id=none
2025-08-22 00:04:16,806 - rag_piece.csv_scraper - DEBUG - _extract_tables:208 - Skipped table 22: not valid
2025-08-22 00:04:16,806 - rag_piece.csv_scraper - DEBUG - _extract_tables:200 - Processing table 23: classes=['collapsible'], id=none
2025-08-22 00:04:16,852 - rag_piece.csv_scraper - INFO - _extract_tables:206 - Extracted table 23: Site Navigation[] (7 rows, 2 columns)
2025-08-22 00:04:16,853 - rag_piece.csv_scraper - DEBUG - _extract_tables:200 - Processing table 24: classes=['collapsible'], id=none
2025-08-22 00:04:16,854 - rag_piece.csv_scraper - DEBUG - _extract_tables:208 - Skipped table 24: not valid
2025-08-22 00:04:16,854 - rag_piece.csv_scraper - DEBUG - _extract_tables:200 - Processing table 25: classes=['collapsible'], id=none
2025-08-22 00:04:16,855 - rag_piece.csv_scraper - DEBUG - _extract_tables:208 - Skipped table 25: not valid
2025-08-22 00:04:16,855 - rag_piece.csv_scraper - DEBUG - _extract_tables:200 - Processing table 26: classes=['navibox', 'toccolours', 'mw-collapsible', 'mw-collapsed'], id=none
2025-08-22 00:04:16,857 - rag_piece.csv_scraper - DEBUG - _extract_tables:208 - Skipped table 26: not valid
2025-08-22 00:04:16,862 - rag_piece.csv_scraper - DEBUG - _extract_tables:200 - Processing table 27: classes=['collapsible'], id=none
2025-08-22 00:04:16,867 - rag_piece.csv_scraper - DEBUG - _is_valid_table:283 - Table skipped due to short content: 45 chars
2025-08-22 00:04:16,868 - rag_piece.csv_scraper - DEBUG - _extract_tables:208 - Skipped table 27: not valid
2025-08-22 00:04:16,869 - rag_piece.csv_scraper - DEBUG - _extract_tables:200 - Processing table 28: classes=['collapsible'], id=none
2025-08-22 00:04:16,870 - rag_piece.csv_scraper - DEBUG - _extract_tables:208 - Skipped table 28: not valid
2025-08-22 00:04:16,873 - rag_piece.csv_scraper - INFO - _convert_tables_to_csv:397 - Created CSV: Arabasta_Kingdom_Site_Navigation.csv
2025-08-22 00:04:16,877 - rag_piece.csv_scraper - INFO - _convert_tables_to_csv:397 - Created CSV: Arabasta_Kingdom_Site_Navigation.csv
2025-08-22 00:04:16,882 - rag_piece.csv_scraper - INFO - _convert_tables_to_csv:397 - Created CSV: Arabasta_Kingdom_Site_Navigation.csv
2025-08-22 00:04:16,885 - rag_piece.csv_scraper - INFO - _convert_tables_to_csv:397 - Created CSV: Arabasta_Kingdom_Site_Navigation.csv
2025-08-22 00:04:16,886 - rag_piece.csv_scraper - INFO - _convert_tables_to_csv:397 - Created CSV: Arabasta_Kingdom_Site_Navigation.csv
2025-08-22 00:04:16,890 - rag_piece.csv_scraper - INFO - _convert_tables_to_csv:397 - Created CSV: Arabasta_Kingdom_Site_Navigation.csv
2025-08-22 00:04:16,892 - rag_piece.csv_scraper - INFO - scrape_article_to_csv:65 - Completed CSV scraping: Arabasta Kingdom (6 CSV files created)
