2025-08-22 00:36:33,340 - rag_piece - INFO - setup_logging:61 - Logging initialized - Level: DEBUG, File: logs\rag_piece_20250822_003633.log
2025-08-22 00:36:33,341 - rag_piece - INFO - main:25 - Starting CSV scraper test
2025-08-22 00:36:33,342 - rag_piece.csv_scraper - INFO - scrape_article_to_csv:46 - Scraping article for CSV: Conomi Islands
2025-08-22 00:36:33,348 - rag_piece.csv_scraper - INFO - _find_sub_articles:81 - Finding sub-articles for: Conomi Islands
2025-08-22 00:36:35,517 - rag_piece.csv_scraper - INFO - _find_sub_articles:114 - Found 0 sub-articles
2025-08-22 00:36:36,028 - rag_piece.csv_scraper - INFO - _extract_tables:196 - Found 6 total tables in Conomi Islands
2025-08-22 00:36:36,028 - rag_piece.csv_scraper - DEBUG - _extract_tables:200 - Processing table 1: classes=['portrait-gallery', 'cs', 'CocoyasiVillageColors'], id=none
2025-08-22 00:36:36,028 - rag_piece.csv_scraper - DEBUG - _extract_tables:209 -   Table 1 first row cells: ['[v\xa0·\xa0e\xa0·\xa0?]Conomi Islands']
2025-08-22 00:36:36,028 - rag_piece.csv_scraper - DEBUG - _is_valid_table:292 - Allowing portrait gallery table: ['portrait-gallery', 'cs', 'CocoyasiVillageColors']
2025-08-22 00:36:36,053 - rag_piece.csv_scraper - INFO - _extract_tables:215 - Extracted table 1: Citizens[] (4 rows, 1 columns)
2025-08-22 00:36:36,056 - rag_piece.csv_scraper - DEBUG - _extract_tables:200 - Processing table 2: classes=['navibox', 'toccolours', 'mw-collapsible', 'mw-collapsed'], id=none
2025-08-22 00:36:36,068 - rag_piece.csv_scraper - DEBUG - _extract_tables:209 -   Table 2 first row cells: ['[v\xa0·\xa0e\xa0·\xa0?]Conomi Islands']
2025-08-22 00:36:36,081 - rag_piece.csv_scraper - DEBUG - _is_valid_table:281 - Table skipped: not enough columns (1)
2025-08-22 00:36:36,082 - rag_piece.csv_scraper - DEBUG - _extract_tables:217 - Skipped table 2: not valid
2025-08-22 00:36:36,082 - rag_piece.csv_scraper - DEBUG - _extract_tables:200 - Processing table 3: classes=['collapsible'], id=none
2025-08-22 00:36:36,088 - rag_piece.csv_scraper - DEBUG - _extract_tables:209 -   Table 3 first row cells: ['Residents:', 'Nojiko\nGenzo\nNami\xa0(Former)‡\nBell-mère\xa0(Deceased)†\n']
2025-08-22 00:36:36,090 - rag_piece.csv_scraper - DEBUG - _is_valid_table:294 - Table skipped due to class: ['collapsible']
2025-08-22 00:36:36,091 - rag_piece.csv_scraper - DEBUG - _extract_tables:217 - Skipped table 3: not valid
2025-08-22 00:36:36,106 - rag_piece.csv_scraper - DEBUG - _extract_tables:200 - Processing table 4: classes=['collapsible'], id=none
2025-08-22 00:36:36,108 - rag_piece.csv_scraper - DEBUG - _extract_tables:209 -   Table 4 first row cells: ['Related Articles']
2025-08-22 00:36:36,118 - rag_piece.csv_scraper - DEBUG - _is_valid_table:281 - Table skipped: not enough columns (1)
2025-08-22 00:36:36,119 - rag_piece.csv_scraper - DEBUG - _extract_tables:217 - Skipped table 4: not valid
2025-08-22 00:36:36,120 - rag_piece.csv_scraper - DEBUG - _extract_tables:200 - Processing table 5: classes=['navibox', 'toccolours', 'mw-collapsible', 'mw-collapsed'], id=none
2025-08-22 00:36:36,121 - rag_piece.csv_scraper - DEBUG - _extract_tables:209 -   Table 5 first row cells: ['[v\xa0·\xa0e\xa0·\xa0?]East Blue']
2025-08-22 00:36:36,123 - rag_piece.csv_scraper - DEBUG - _is_valid_table:281 - Table skipped: not enough columns (1)
2025-08-22 00:36:36,124 - rag_piece.csv_scraper - DEBUG - _extract_tables:217 - Skipped table 5: not valid
2025-08-22 00:36:36,131 - rag_piece.csv_scraper - DEBUG - _extract_tables:200 - Processing table 6: classes=['collapsible'], id=none
2025-08-22 00:36:36,135 - rag_piece.csv_scraper - DEBUG - _is_valid_table:294 - Table skipped due to class: ['collapsible']
2025-08-22 00:36:36,136 - rag_piece.csv_scraper - DEBUG - _extract_tables:217 - Skipped table 6: not valid
2025-08-22 00:36:36,139 - rag_piece.csv_scraper - INFO - _convert_tables_to_csv:459 - Created CSV: Conomi_Islands_Citizens.csv
2025-08-22 00:36:36,149 - rag_piece.csv_scraper - INFO - scrape_article_to_csv:65 - Completed CSV scraping: Conomi Islands (1 CSV files created)
